Looking for .nc files in: C:\Users\seque\Desktop\CODES\HACKATHON\SIH_2025\HackathonThingy\data\rawNETCDF
No NetCDF files found.
Looking for .nc files in: C:\Users\seque\Desktop\CODES\HACKATHON\SIH_2025\HackathonThingy\data\rawNETCDF
Found 2 file(s)
================================================================================
Inspecting: D1900722_001.nc
================================================================================
Dimensions:
  - DATE_TIME: size=14
  - STRING2: size=2
  - STRING4: size=4
  - STRING8: size=8
  - STRING16: size=16
  - STRING32: size=32
  - STRING64: size=64
  - STRING256: size=256
  - N_PROF: size=1
  - N_PARAM: size=3
  - N_LEVELS: size=71
  - N_CALIB: size=1
  - N_HISTORY: size=7

Variables:
  - DATA_TYPE: dims=(STRING16), shape=(16,), dtype=|S1
  - FORMAT_VERSION: dims=(STRING4), shape=(4,), dtype=|S1
  - HANDBOOK_VERSION: dims=(STRING4), shape=(4,), dtype=|S1
  - REFERENCE_DATE_TIME: dims=(DATE_TIME), shape=(14,), dtype=|S1
  - PLATFORM_NUMBER: dims=(N_PROF,STRING8), shape=(1, 8), dtype=|S1
  - PROJECT_NAME: dims=(N_PROF,STRING64), shape=(1, 64), dtype=|S1
  - PI_NAME: dims=(N_PROF,STRING64), shape=(1, 64), dtype=|S1
  - STATION_PARAMETERS: dims=(N_PROF,N_PARAM,STRING16), shape=(1, 3, 16), dtype=|S1
  - CYCLE_NUMBER: dims=(N_PROF), shape=(1,), dtype=int32
  - DIRECTION: dims=(N_PROF), shape=(1,), dtype=|S1
  - DATA_CENTRE: dims=(N_PROF,STRING2), shape=(1, 2), dtype=|S1
  - DATE_CREATION: dims=(DATE_TIME), shape=(14,), dtype=|S1
  - DATE_UPDATE: dims=(DATE_TIME), shape=(14,), dtype=|S1
  - DC_REFERENCE: dims=(N_PROF,STRING32), shape=(1, 32), dtype=|S1
  - DATA_STATE_INDICATOR: dims=(N_PROF,STRING4), shape=(1, 4), dtype=|S1
  - DATA_MODE: dims=(N_PROF), shape=(1,), dtype=|S1
  - PLATFORM_TYPE: dims=(N_PROF,STRING32), shape=(1, 32), dtype=|S1
  - FLOAT_SERIAL_NO: dims=(N_PROF,STRING32), shape=(1, 32), dtype=|S1
  - FIRMWARE_VERSION: dims=(N_PROF,STRING32), shape=(1, 32), dtype=|S1
  - WMO_INST_TYPE: dims=(N_PROF,STRING4), shape=(1, 4), dtype=|S1
  - JULD: dims=(N_PROF), shape=(1,), dtype=float64
  - JULD_QC: dims=(N_PROF), shape=(1,), dtype=|S1
  - JULD_LOCATION: dims=(N_PROF), shape=(1,), dtype=float64
  - LATITUDE: dims=(N_PROF), shape=(1,), dtype=float64
  - LONGITUDE: dims=(N_PROF), shape=(1,), dtype=float64
  - POSITION_QC: dims=(N_PROF), shape=(1,), dtype=|S1
  - POSITIONING_SYSTEM: dims=(N_PROF,STRING8), shape=(1, 8), dtype=|S1
  - VERTICAL_SAMPLING_SCHEME: dims=(N_PROF,STRING256), shape=(1, 256), dtype=|S1
  - CONFIG_MISSION_NUMBER: dims=(N_PROF), shape=(1,), dtype=int32
  - PROFILE_PRES_QC: dims=(N_PROF), shape=(1,), dtype=|S1
  - PROFILE_TEMP_QC: dims=(N_PROF), shape=(1,), dtype=|S1
  - PROFILE_PSAL_QC: dims=(N_PROF), shape=(1,), dtype=|S1
  - PRES: dims=(N_PROF,N_LEVELS), shape=(1, 71), dtype=float32
  - PRES_QC: dims=(N_PROF,N_LEVELS), shape=(1, 71), dtype=|S1
  - PRES_ADJUSTED: dims=(N_PROF,N_LEVELS), shape=(1, 71), dtype=float32
  - PRES_ADJUSTED_QC: dims=(N_PROF,N_LEVELS), shape=(1, 71), dtype=|S1
  - PRES_ADJUSTED_ERROR: dims=(N_PROF,N_LEVELS), shape=(1, 71), dtype=float32
  - TEMP: dims=(N_PROF,N_LEVELS), shape=(1, 71), dtype=float32
  - TEMP_QC: dims=(N_PROF,N_LEVELS), shape=(1, 71), dtype=|S1
  - TEMP_ADJUSTED: dims=(N_PROF,N_LEVELS), shape=(1, 71), dtype=float32
  - TEMP_ADJUSTED_QC: dims=(N_PROF,N_LEVELS), shape=(1, 71), dtype=|S1
  - TEMP_ADJUSTED_ERROR: dims=(N_PROF,N_LEVELS), shape=(1, 71), dtype=float32
  - PSAL: dims=(N_PROF,N_LEVELS), shape=(1, 71), dtype=float32
  - PSAL_QC: dims=(N_PROF,N_LEVELS), shape=(1, 71), dtype=|S1
  - PSAL_ADJUSTED: dims=(N_PROF,N_LEVELS), shape=(1, 71), dtype=float32
  - PSAL_ADJUSTED_QC: dims=(N_PROF,N_LEVELS), shape=(1, 71), dtype=|S1
  - PSAL_ADJUSTED_ERROR: dims=(N_PROF,N_LEVELS), shape=(1, 71), dtype=float32
  - PARAMETER: dims=(N_PROF,N_CALIB,N_PARAM,STRING16), shape=(1, 1, 3, 16), dtype=|S1
  - SCIENTIFIC_CALIB_EQUATION: dims=(N_PROF,N_CALIB,N_PARAM,STRING256), shape=(1, 1, 3, 256), dtype=|S1
  - SCIENTIFIC_CALIB_COEFFICIENT: dims=(N_PROF,N_CALIB,N_PARAM,STRING256), shape=(1, 1, 3, 256), dtype=|S1
  - SCIENTIFIC_CALIB_COMMENT: dims=(N_PROF,N_CALIB,N_PARAM,STRING256), shape=(1, 1, 3, 256), dtype=|S1
  - SCIENTIFIC_CALIB_DATE: dims=(N_PROF,N_CALIB,N_PARAM,DATE_TIME), shape=(1, 1, 3, 14), dtype=|S1
  - HISTORY_INSTITUTION: dims=(N_HISTORY,N_PROF,STRING4), shape=(7, 1, 4), dtype=|S1
  - HISTORY_STEP: dims=(N_HISTORY,N_PROF,STRING4), shape=(7, 1, 4), dtype=|S1
  - HISTORY_SOFTWARE: dims=(N_HISTORY,N_PROF,STRING4), shape=(7, 1, 4), dtype=|S1
  - HISTORY_SOFTWARE_RELEASE: dims=(N_HISTORY,N_PROF,STRING4), shape=(7, 1, 4), dtype=|S1
  - HISTORY_REFERENCE: dims=(N_HISTORY,N_PROF,STRING64), shape=(7, 1, 64), dtype=|S1
  - HISTORY_DATE: dims=(N_HISTORY,N_PROF,DATE_TIME), shape=(7, 1, 14), dtype=|S1
  - HISTORY_ACTION: dims=(N_HISTORY,N_PROF,STRING4), shape=(7, 1, 4), dtype=|S1
  - HISTORY_PARAMETER: dims=(N_HISTORY,N_PROF,STRING16), shape=(7, 1, 16), dtype=|S1
  - HISTORY_START_PRES: dims=(N_HISTORY,N_PROF), shape=(7, 1), dtype=float32
  - HISTORY_STOP_PRES: dims=(N_HISTORY,N_PROF), shape=(7, 1), dtype=float32
  - HISTORY_PREVIOUS_VALUE: dims=(N_HISTORY,N_PROF), shape=(7, 1), dtype=float32
  - HISTORY_QCTEST: dims=(N_HISTORY,N_PROF,STRING16), shape=(7, 1, 16), dtype=|S1

Global attributes:
  - title = Argo float vertical profile
  - institution = AOML
  - source = Argo float
  - history = 2012-05-20 AOML 2.2 creation; 2015-05-29T19:36:20Z UW 3.1 conversion
  - references = http://www.argodatamgt.org/Documentation
  - comment = free text
  - user_manual_version = 3.1
  - Conventions = Argo-3.1 CF-1.6
  - featureType = trajectoryProfile

Key variables (shapes and first 5 samples):
  * TEMP: shape=(1, 71)
    samples: [12.517999649047852, 12.519000053405762, 12.517999649047852, 12.519000053405762, 12.52299976348877]
  * PSAL: shape=(1, 71)
    samples: [35.13100051879883, 35.13100051879883, 35.13100051879883, 35.13100051879883, 35.13199996948242]
  * PRES: shape=(1, 71)
    samples: [6.0, 10.0, 19.600000381469727, 29.799999237060547, 39.900001525878906]
  * LATITUDE: shape=(1,)
    samples: [-40.316]
  * LONGITUDE: shape=(1,)
    samples: [73.389]
================================================================================
Inspecting: D5906300_001.nc
================================================================================
Dimensions:
  - DATE_TIME: size=14
  - STRING256: size=256
  - STRING64: size=64
  - STRING32: size=32
  - STRING16: size=16
  - STRING8: size=8
  - STRING4: size=4
  - STRING2: size=2
  - N_PROF: size=2
  - N_PARAM: size=3
  - N_LEVELS: size=496
  - N_CALIB: size=1
  - N_HISTORY: size=4

Variables:
  - DATA_TYPE: dims=(STRING16), shape=(16,), dtype=|S1
  - FORMAT_VERSION: dims=(STRING4), shape=(4,), dtype=|S1
  - HANDBOOK_VERSION: dims=(STRING4), shape=(4,), dtype=|S1
  - REFERENCE_DATE_TIME: dims=(DATE_TIME), shape=(14,), dtype=|S1
  - DATE_CREATION: dims=(DATE_TIME), shape=(14,), dtype=|S1
  - DATE_UPDATE: dims=(DATE_TIME), shape=(14,), dtype=|S1
  - PLATFORM_NUMBER: dims=(N_PROF,STRING8), shape=(2, 8), dtype=|S1
  - PROJECT_NAME: dims=(N_PROF,STRING64), shape=(2, 64), dtype=|S1
  - PI_NAME: dims=(N_PROF,STRING64), shape=(2, 64), dtype=|S1
  - STATION_PARAMETERS: dims=(N_PROF,N_PARAM,STRING16), shape=(2, 3, 16), dtype=|S1
  - CYCLE_NUMBER: dims=(N_PROF), shape=(2,), dtype=int32
  - DIRECTION: dims=(N_PROF), shape=(2,), dtype=|S1
  - DATA_CENTRE: dims=(N_PROF,STRING2), shape=(2, 2), dtype=|S1
  - DC_REFERENCE: dims=(N_PROF,STRING32), shape=(2, 32), dtype=|S1
  - DATA_STATE_INDICATOR: dims=(N_PROF,STRING4), shape=(2, 4), dtype=|S1
  - DATA_MODE: dims=(N_PROF), shape=(2,), dtype=|S1
  - PLATFORM_TYPE: dims=(N_PROF,STRING32), shape=(2, 32), dtype=|S1
  - FLOAT_SERIAL_NO: dims=(N_PROF,STRING32), shape=(2, 32), dtype=|S1
  - FIRMWARE_VERSION: dims=(N_PROF,STRING32), shape=(2, 32), dtype=|S1
  - WMO_INST_TYPE: dims=(N_PROF,STRING4), shape=(2, 4), dtype=|S1
  - JULD: dims=(N_PROF), shape=(2,), dtype=float64
  - JULD_QC: dims=(N_PROF), shape=(2,), dtype=|S1
  - JULD_LOCATION: dims=(N_PROF), shape=(2,), dtype=float64
  - LATITUDE: dims=(N_PROF), shape=(2,), dtype=float64
  - LONGITUDE: dims=(N_PROF), shape=(2,), dtype=float64
  - POSITION_QC: dims=(N_PROF), shape=(2,), dtype=|S1
  - POSITIONING_SYSTEM: dims=(N_PROF,STRING8), shape=(2, 8), dtype=|S1
  - VERTICAL_SAMPLING_SCHEME: dims=(N_PROF,STRING256), shape=(2, 256), dtype=|S1
  - CONFIG_MISSION_NUMBER: dims=(N_PROF), shape=(2,), dtype=int32
  - PROFILE_PRES_QC: dims=(N_PROF), shape=(2,), dtype=|S1
  - PROFILE_TEMP_QC: dims=(N_PROF), shape=(2,), dtype=|S1
  - PROFILE_PSAL_QC: dims=(N_PROF), shape=(2,), dtype=|S1
  - PRES: dims=(N_PROF,N_LEVELS), shape=(2, 496), dtype=float32
  - PRES_QC: dims=(N_PROF,N_LEVELS), shape=(2, 496), dtype=|S1
  - PRES_ADJUSTED: dims=(N_PROF,N_LEVELS), shape=(2, 496), dtype=float32
  - PRES_ADJUSTED_QC: dims=(N_PROF,N_LEVELS), shape=(2, 496), dtype=|S1
  - PRES_ADJUSTED_ERROR: dims=(N_PROF,N_LEVELS), shape=(2, 496), dtype=float32
  - TEMP: dims=(N_PROF,N_LEVELS), shape=(2, 496), dtype=float32
  - TEMP_QC: dims=(N_PROF,N_LEVELS), shape=(2, 496), dtype=|S1
  - TEMP_ADJUSTED: dims=(N_PROF,N_LEVELS), shape=(2, 496), dtype=float32
  - TEMP_ADJUSTED_QC: dims=(N_PROF,N_LEVELS), shape=(2, 496), dtype=|S1
  - TEMP_ADJUSTED_ERROR: dims=(N_PROF,N_LEVELS), shape=(2, 496), dtype=float32
  - PSAL: dims=(N_PROF,N_LEVELS), shape=(2, 496), dtype=float32
  - PSAL_QC: dims=(N_PROF,N_LEVELS), shape=(2, 496), dtype=|S1
  - PSAL_ADJUSTED: dims=(N_PROF,N_LEVELS), shape=(2, 496), dtype=float32
  - PSAL_ADJUSTED_QC: dims=(N_PROF,N_LEVELS), shape=(2, 496), dtype=|S1
  - PSAL_ADJUSTED_ERROR: dims=(N_PROF,N_LEVELS), shape=(2, 496), dtype=float32
  - PARAMETER: dims=(N_PROF,N_CALIB,N_PARAM,STRING16), shape=(2, 1, 3, 16), dtype=|S1
  - SCIENTIFIC_CALIB_EQUATION: dims=(N_PROF,N_CALIB,N_PARAM,STRING256), shape=(2, 1, 3, 256), dtype=|S1
  - SCIENTIFIC_CALIB_COEFFICIENT: dims=(N_PROF,N_CALIB,N_PARAM,STRING256), shape=(2, 1, 3, 256), dtype=|S1
  - SCIENTIFIC_CALIB_COMMENT: dims=(N_PROF,N_CALIB,N_PARAM,STRING256), shape=(2, 1, 3, 256), dtype=|S1
  - SCIENTIFIC_CALIB_DATE: dims=(N_PROF,N_CALIB,N_PARAM,DATE_TIME), shape=(2, 1, 3, 14), dtype=|S1
  - HISTORY_INSTITUTION: dims=(N_HISTORY,N_PROF,STRING4), shape=(4, 2, 4), dtype=|S1
  - HISTORY_STEP: dims=(N_HISTORY,N_PROF,STRING4), shape=(4, 2, 4), dtype=|S1
  - HISTORY_SOFTWARE: dims=(N_HISTORY,N_PROF,STRING4), shape=(4, 2, 4), dtype=|S1
  - HISTORY_SOFTWARE_RELEASE: dims=(N_HISTORY,N_PROF,STRING4), shape=(4, 2, 4), dtype=|S1
  - HISTORY_REFERENCE: dims=(N_HISTORY,N_PROF,STRING64), shape=(4, 2, 64), dtype=|S1
  - HISTORY_DATE: dims=(N_HISTORY,N_PROF,DATE_TIME), shape=(4, 2, 14), dtype=|S1
  - HISTORY_ACTION: dims=(N_HISTORY,N_PROF,STRING4), shape=(4, 2, 4), dtype=|S1
  - HISTORY_PARAMETER: dims=(N_HISTORY,N_PROF,STRING16), shape=(4, 2, 16), dtype=|S1
  - HISTORY_START_PRES: dims=(N_HISTORY,N_PROF), shape=(4, 2), dtype=float32
  - HISTORY_STOP_PRES: dims=(N_HISTORY,N_PROF), shape=(4, 2), dtype=float32
  - HISTORY_PREVIOUS_VALUE: dims=(N_HISTORY,N_PROF), shape=(4, 2), dtype=float32
  - HISTORY_QCTEST: dims=(N_HISTORY,N_PROF,STRING16), shape=(4, 2, 16), dtype=|S1

Global attributes:
  - title = Argo float vertical profile
  - institution = AOML
  - source = Argo float
  - history = 2020-09-21T19:00:51Z creation
  - references = http://www.argodatamgt.org/Documentation
  - comment = free text
  - user_manual_version = 3.2
  - Conventions = Argo-3.2 CF-1.6
  - featureType = trajectoryProfile
  - comment_dmqc_operator = PRIMARY | https://orcid.org/0000-0001-7324-3159 | Matthew Alkire, University of Washington

Key variables (shapes and first 5 samples):
  * TEMP: shape=(2, 496)
    samples: [29.4689998626709, 29.43899917602539, 29.416000366210938, 29.301000595092773, 29.22800064086914]
  * PSAL: shape=(2, 496)
    samples: [35.19300079345703, 35.19599914550781, 35.198001861572266, 35.2130012512207, 35.22100067138672]
  * PRES: shape=(2, 496)
    samples: [4.199999809265137, 6.0, 8.0, 10.0, 12.0]
  * LATITUDE: shape=(2,)
    samples: [2.098, 2.098]
  * LONGITUDE: shape=(2,)
    samples: [164.882, 164.882]
Looking for .nc files in: C:\Users\seque\Desktop\CODES\HACKATHON\SIH_2025\HackathonThingy\data\rawNETCDF
Found 2 file(s)
================================================================================
Inspecting: D1900722_001.nc
================================================================================
Dimensions:
  - DATE_TIME: size=14
  - STRING2: size=2
  - STRING4: size=4
  - STRING8: size=8
  - STRING16: size=16
  - STRING32: size=32
  - STRING64: size=64
  - STRING256: size=256
  - N_PROF: size=1
  - N_PARAM: size=3
  - N_LEVELS: size=71
  - N_CALIB: size=1
  - N_HISTORY: size=7

Variables:
  - DATA_TYPE: dims=(STRING16), shape=(16,), dtype=|S1
  - FORMAT_VERSION: dims=(STRING4), shape=(4,), dtype=|S1
  - HANDBOOK_VERSION: dims=(STRING4), shape=(4,), dtype=|S1
  - REFERENCE_DATE_TIME: dims=(DATE_TIME), shape=(14,), dtype=|S1
  - PLATFORM_NUMBER: dims=(N_PROF,STRING8), shape=(1, 8), dtype=|S1
  - PROJECT_NAME: dims=(N_PROF,STRING64), shape=(1, 64), dtype=|S1
  - PI_NAME: dims=(N_PROF,STRING64), shape=(1, 64), dtype=|S1
  - STATION_PARAMETERS: dims=(N_PROF,N_PARAM,STRING16), shape=(1, 3, 16), dtype=|S1
  - CYCLE_NUMBER: dims=(N_PROF), shape=(1,), dtype=int32
  - DIRECTION: dims=(N_PROF), shape=(1,), dtype=|S1
  - DATA_CENTRE: dims=(N_PROF,STRING2), shape=(1, 2), dtype=|S1
  - DATE_CREATION: dims=(DATE_TIME), shape=(14,), dtype=|S1
  - DATE_UPDATE: dims=(DATE_TIME), shape=(14,), dtype=|S1
  - DC_REFERENCE: dims=(N_PROF,STRING32), shape=(1, 32), dtype=|S1
  - DATA_STATE_INDICATOR: dims=(N_PROF,STRING4), shape=(1, 4), dtype=|S1
  - DATA_MODE: dims=(N_PROF), shape=(1,), dtype=|S1
  - PLATFORM_TYPE: dims=(N_PROF,STRING32), shape=(1, 32), dtype=|S1
  - FLOAT_SERIAL_NO: dims=(N_PROF,STRING32), shape=(1, 32), dtype=|S1
  - FIRMWARE_VERSION: dims=(N_PROF,STRING32), shape=(1, 32), dtype=|S1
  - WMO_INST_TYPE: dims=(N_PROF,STRING4), shape=(1, 4), dtype=|S1
  - JULD: dims=(N_PROF), shape=(1,), dtype=float64
  - JULD_QC: dims=(N_PROF), shape=(1,), dtype=|S1
  - JULD_LOCATION: dims=(N_PROF), shape=(1,), dtype=float64
  - LATITUDE: dims=(N_PROF), shape=(1,), dtype=float64
  - LONGITUDE: dims=(N_PROF), shape=(1,), dtype=float64
  - POSITION_QC: dims=(N_PROF), shape=(1,), dtype=|S1
  - POSITIONING_SYSTEM: dims=(N_PROF,STRING8), shape=(1, 8), dtype=|S1
  - VERTICAL_SAMPLING_SCHEME: dims=(N_PROF,STRING256), shape=(1, 256), dtype=|S1
  - CONFIG_MISSION_NUMBER: dims=(N_PROF), shape=(1,), dtype=int32
  - PROFILE_PRES_QC: dims=(N_PROF), shape=(1,), dtype=|S1
  - PROFILE_TEMP_QC: dims=(N_PROF), shape=(1,), dtype=|S1
  - PROFILE_PSAL_QC: dims=(N_PROF), shape=(1,), dtype=|S1
  - PRES: dims=(N_PROF,N_LEVELS), shape=(1, 71), dtype=float32
  - PRES_QC: dims=(N_PROF,N_LEVELS), shape=(1, 71), dtype=|S1
  - PRES_ADJUSTED: dims=(N_PROF,N_LEVELS), shape=(1, 71), dtype=float32
  - PRES_ADJUSTED_QC: dims=(N_PROF,N_LEVELS), shape=(1, 71), dtype=|S1
  - PRES_ADJUSTED_ERROR: dims=(N_PROF,N_LEVELS), shape=(1, 71), dtype=float32
  - TEMP: dims=(N_PROF,N_LEVELS), shape=(1, 71), dtype=float32
  - TEMP_QC: dims=(N_PROF,N_LEVELS), shape=(1, 71), dtype=|S1
  - TEMP_ADJUSTED: dims=(N_PROF,N_LEVELS), shape=(1, 71), dtype=float32
  - TEMP_ADJUSTED_QC: dims=(N_PROF,N_LEVELS), shape=(1, 71), dtype=|S1
  - TEMP_ADJUSTED_ERROR: dims=(N_PROF,N_LEVELS), shape=(1, 71), dtype=float32
  - PSAL: dims=(N_PROF,N_LEVELS), shape=(1, 71), dtype=float32
  - PSAL_QC: dims=(N_PROF,N_LEVELS), shape=(1, 71), dtype=|S1
  - PSAL_ADJUSTED: dims=(N_PROF,N_LEVELS), shape=(1, 71), dtype=float32
  - PSAL_ADJUSTED_QC: dims=(N_PROF,N_LEVELS), shape=(1, 71), dtype=|S1
  - PSAL_ADJUSTED_ERROR: dims=(N_PROF,N_LEVELS), shape=(1, 71), dtype=float32
  - PARAMETER: dims=(N_PROF,N_CALIB,N_PARAM,STRING16), shape=(1, 1, 3, 16), dtype=|S1
  - SCIENTIFIC_CALIB_EQUATION: dims=(N_PROF,N_CALIB,N_PARAM,STRING256), shape=(1, 1, 3, 256), dtype=|S1
  - SCIENTIFIC_CALIB_COEFFICIENT: dims=(N_PROF,N_CALIB,N_PARAM,STRING256), shape=(1, 1, 3, 256), dtype=|S1
  - SCIENTIFIC_CALIB_COMMENT: dims=(N_PROF,N_CALIB,N_PARAM,STRING256), shape=(1, 1, 3, 256), dtype=|S1
  - SCIENTIFIC_CALIB_DATE: dims=(N_PROF,N_CALIB,N_PARAM,DATE_TIME), shape=(1, 1, 3, 14), dtype=|S1
  - HISTORY_INSTITUTION: dims=(N_HISTORY,N_PROF,STRING4), shape=(7, 1, 4), dtype=|S1
  - HISTORY_STEP: dims=(N_HISTORY,N_PROF,STRING4), shape=(7, 1, 4), dtype=|S1
  - HISTORY_SOFTWARE: dims=(N_HISTORY,N_PROF,STRING4), shape=(7, 1, 4), dtype=|S1
  - HISTORY_SOFTWARE_RELEASE: dims=(N_HISTORY,N_PROF,STRING4), shape=(7, 1, 4), dtype=|S1
  - HISTORY_REFERENCE: dims=(N_HISTORY,N_PROF,STRING64), shape=(7, 1, 64), dtype=|S1
  - HISTORY_DATE: dims=(N_HISTORY,N_PROF,DATE_TIME), shape=(7, 1, 14), dtype=|S1
  - HISTORY_ACTION: dims=(N_HISTORY,N_PROF,STRING4), shape=(7, 1, 4), dtype=|S1
  - HISTORY_PARAMETER: dims=(N_HISTORY,N_PROF,STRING16), shape=(7, 1, 16), dtype=|S1
  - HISTORY_START_PRES: dims=(N_HISTORY,N_PROF), shape=(7, 1), dtype=float32
  - HISTORY_STOP_PRES: dims=(N_HISTORY,N_PROF), shape=(7, 1), dtype=float32
  - HISTORY_PREVIOUS_VALUE: dims=(N_HISTORY,N_PROF), shape=(7, 1), dtype=float32
  - HISTORY_QCTEST: dims=(N_HISTORY,N_PROF,STRING16), shape=(7, 1, 16), dtype=|S1

Global attributes:
  - title = Argo float vertical profile
  - institution = AOML
  - source = Argo float
  - history = 2012-05-20 AOML 2.2 creation; 2015-05-29T19:36:20Z UW 3.1 conversion
  - references = http://www.argodatamgt.org/Documentation
  - comment = free text
  - user_manual_version = 3.1
  - Conventions = Argo-3.1 CF-1.6
  - featureType = trajectoryProfile

Key variables (shapes and first 5 samples):
  * TEMP: shape=(1, 71)
    samples: [12.517999649047852, 12.519000053405762, 12.517999649047852, 12.519000053405762, 12.52299976348877]
  * PSAL: shape=(1, 71)
    samples: [35.13100051879883, 35.13100051879883, 35.13100051879883, 35.13100051879883, 35.13199996948242]
  * PRES: shape=(1, 71)
    samples: [6.0, 10.0, 19.600000381469727, 29.799999237060547, 39.900001525878906]
  * LATITUDE: shape=(1,)
    samples: [-40.316]
  * LONGITUDE: shape=(1,)
    samples: [73.389]
================================================================================
Inspecting: D5906300_001.nc
================================================================================
Dimensions:
  - DATE_TIME: size=14
  - STRING256: size=256
  - STRING64: size=64
  - STRING32: size=32
  - STRING16: size=16
  - STRING8: size=8
  - STRING4: size=4
  - STRING2: size=2
  - N_PROF: size=2
  - N_PARAM: size=3
  - N_LEVELS: size=496
  - N_CALIB: size=1
  - N_HISTORY: size=4

Variables:
  - DATA_TYPE: dims=(STRING16), shape=(16,), dtype=|S1
  - FORMAT_VERSION: dims=(STRING4), shape=(4,), dtype=|S1
  - HANDBOOK_VERSION: dims=(STRING4), shape=(4,), dtype=|S1
  - REFERENCE_DATE_TIME: dims=(DATE_TIME), shape=(14,), dtype=|S1
  - DATE_CREATION: dims=(DATE_TIME), shape=(14,), dtype=|S1
  - DATE_UPDATE: dims=(DATE_TIME), shape=(14,), dtype=|S1
  - PLATFORM_NUMBER: dims=(N_PROF,STRING8), shape=(2, 8), dtype=|S1
  - PROJECT_NAME: dims=(N_PROF,STRING64), shape=(2, 64), dtype=|S1
  - PI_NAME: dims=(N_PROF,STRING64), shape=(2, 64), dtype=|S1
  - STATION_PARAMETERS: dims=(N_PROF,N_PARAM,STRING16), shape=(2, 3, 16), dtype=|S1
  - CYCLE_NUMBER: dims=(N_PROF), shape=(2,), dtype=int32
  - DIRECTION: dims=(N_PROF), shape=(2,), dtype=|S1
  - DATA_CENTRE: dims=(N_PROF,STRING2), shape=(2, 2), dtype=|S1
  - DC_REFERENCE: dims=(N_PROF,STRING32), shape=(2, 32), dtype=|S1
  - DATA_STATE_INDICATOR: dims=(N_PROF,STRING4), shape=(2, 4), dtype=|S1
  - DATA_MODE: dims=(N_PROF), shape=(2,), dtype=|S1
  - PLATFORM_TYPE: dims=(N_PROF,STRING32), shape=(2, 32), dtype=|S1
  - FLOAT_SERIAL_NO: dims=(N_PROF,STRING32), shape=(2, 32), dtype=|S1
  - FIRMWARE_VERSION: dims=(N_PROF,STRING32), shape=(2, 32), dtype=|S1
  - WMO_INST_TYPE: dims=(N_PROF,STRING4), shape=(2, 4), dtype=|S1
  - JULD: dims=(N_PROF), shape=(2,), dtype=float64
  - JULD_QC: dims=(N_PROF), shape=(2,), dtype=|S1
  - JULD_LOCATION: dims=(N_PROF), shape=(2,), dtype=float64
  - LATITUDE: dims=(N_PROF), shape=(2,), dtype=float64
  - LONGITUDE: dims=(N_PROF), shape=(2,), dtype=float64
  - POSITION_QC: dims=(N_PROF), shape=(2,), dtype=|S1
  - POSITIONING_SYSTEM: dims=(N_PROF,STRING8), shape=(2, 8), dtype=|S1
  - VERTICAL_SAMPLING_SCHEME: dims=(N_PROF,STRING256), shape=(2, 256), dtype=|S1
  - CONFIG_MISSION_NUMBER: dims=(N_PROF), shape=(2,), dtype=int32
  - PROFILE_PRES_QC: dims=(N_PROF), shape=(2,), dtype=|S1
  - PROFILE_TEMP_QC: dims=(N_PROF), shape=(2,), dtype=|S1
  - PROFILE_PSAL_QC: dims=(N_PROF), shape=(2,), dtype=|S1
  - PRES: dims=(N_PROF,N_LEVELS), shape=(2, 496), dtype=float32
  - PRES_QC: dims=(N_PROF,N_LEVELS), shape=(2, 496), dtype=|S1
  - PRES_ADJUSTED: dims=(N_PROF,N_LEVELS), shape=(2, 496), dtype=float32
  - PRES_ADJUSTED_QC: dims=(N_PROF,N_LEVELS), shape=(2, 496), dtype=|S1
  - PRES_ADJUSTED_ERROR: dims=(N_PROF,N_LEVELS), shape=(2, 496), dtype=float32
  - TEMP: dims=(N_PROF,N_LEVELS), shape=(2, 496), dtype=float32
  - TEMP_QC: dims=(N_PROF,N_LEVELS), shape=(2, 496), dtype=|S1
  - TEMP_ADJUSTED: dims=(N_PROF,N_LEVELS), shape=(2, 496), dtype=float32
  - TEMP_ADJUSTED_QC: dims=(N_PROF,N_LEVELS), shape=(2, 496), dtype=|S1
  - TEMP_ADJUSTED_ERROR: dims=(N_PROF,N_LEVELS), shape=(2, 496), dtype=float32
  - PSAL: dims=(N_PROF,N_LEVELS), shape=(2, 496), dtype=float32
  - PSAL_QC: dims=(N_PROF,N_LEVELS), shape=(2, 496), dtype=|S1
  - PSAL_ADJUSTED: dims=(N_PROF,N_LEVELS), shape=(2, 496), dtype=float32
  - PSAL_ADJUSTED_QC: dims=(N_PROF,N_LEVELS), shape=(2, 496), dtype=|S1
  - PSAL_ADJUSTED_ERROR: dims=(N_PROF,N_LEVELS), shape=(2, 496), dtype=float32
  - PARAMETER: dims=(N_PROF,N_CALIB,N_PARAM,STRING16), shape=(2, 1, 3, 16), dtype=|S1
  - SCIENTIFIC_CALIB_EQUATION: dims=(N_PROF,N_CALIB,N_PARAM,STRING256), shape=(2, 1, 3, 256), dtype=|S1
  - SCIENTIFIC_CALIB_COEFFICIENT: dims=(N_PROF,N_CALIB,N_PARAM,STRING256), shape=(2, 1, 3, 256), dtype=|S1
  - SCIENTIFIC_CALIB_COMMENT: dims=(N_PROF,N_CALIB,N_PARAM,STRING256), shape=(2, 1, 3, 256), dtype=|S1
  - SCIENTIFIC_CALIB_DATE: dims=(N_PROF,N_CALIB,N_PARAM,DATE_TIME), shape=(2, 1, 3, 14), dtype=|S1
  - HISTORY_INSTITUTION: dims=(N_HISTORY,N_PROF,STRING4), shape=(4, 2, 4), dtype=|S1
  - HISTORY_STEP: dims=(N_HISTORY,N_PROF,STRING4), shape=(4, 2, 4), dtype=|S1
  - HISTORY_SOFTWARE: dims=(N_HISTORY,N_PROF,STRING4), shape=(4, 2, 4), dtype=|S1
  - HISTORY_SOFTWARE_RELEASE: dims=(N_HISTORY,N_PROF,STRING4), shape=(4, 2, 4), dtype=|S1
  - HISTORY_REFERENCE: dims=(N_HISTORY,N_PROF,STRING64), shape=(4, 2, 64), dtype=|S1
  - HISTORY_DATE: dims=(N_HISTORY,N_PROF,DATE_TIME), shape=(4, 2, 14), dtype=|S1
  - HISTORY_ACTION: dims=(N_HISTORY,N_PROF,STRING4), shape=(4, 2, 4), dtype=|S1
  - HISTORY_PARAMETER: dims=(N_HISTORY,N_PROF,STRING16), shape=(4, 2, 16), dtype=|S1
  - HISTORY_START_PRES: dims=(N_HISTORY,N_PROF), shape=(4, 2), dtype=float32
  - HISTORY_STOP_PRES: dims=(N_HISTORY,N_PROF), shape=(4, 2), dtype=float32
  - HISTORY_PREVIOUS_VALUE: dims=(N_HISTORY,N_PROF), shape=(4, 2), dtype=float32
  - HISTORY_QCTEST: dims=(N_HISTORY,N_PROF,STRING16), shape=(4, 2, 16), dtype=|S1

Global attributes:
  - title = Argo float vertical profile
  - institution = AOML
  - source = Argo float
  - history = 2020-09-21T19:00:51Z creation
  - references = http://www.argodatamgt.org/Documentation
  - comment = free text
  - user_manual_version = 3.2
  - Conventions = Argo-3.2 CF-1.6
  - featureType = trajectoryProfile
  - comment_dmqc_operator = PRIMARY | https://orcid.org/0000-0001-7324-3159 | Matthew Alkire, University of Washington

Key variables (shapes and first 5 samples):
  * TEMP: shape=(2, 496)
    samples: [29.4689998626709, 29.43899917602539, 29.416000366210938, 29.301000595092773, 29.22800064086914]
  * PSAL: shape=(2, 496)
    samples: [35.19300079345703, 35.19599914550781, 35.198001861572266, 35.2130012512207, 35.22100067138672]
  * PRES: shape=(2, 496)
    samples: [4.199999809265137, 6.0, 8.0, 10.0, 12.0]
  * LATITUDE: shape=(2,)
    samples: [2.098, 2.098]
  * LONGITUDE: shape=(2,)
    samples: [164.882, 164.882]
Looking for .nc files in: C:\Users\seque\Desktop\CODES\HACKATHON\SIH_2025\HackathonThingy\data\rawNETCDF
Found 1 file(s)
================================================================================
Inspecting: D20250624_prof_0.nc
================================================================================
Dimensions:
  - DATE_TIME: size=14
  - STRING256: size=256
  - STRING64: size=64
  - STRING32: size=32
  - STRING16: size=16
  - STRING8: size=8
  - STRING4: size=4
  - STRING2: size=2
  - N_PROF: size=678
  - N_PARAM: size=3
  - N_LEVELS: size=1024
  - N_CALIB: size=1
  - N_HISTORY: size=0

Variables:
  - DATA_TYPE: dims=(STRING16), shape=(16,), dtype=|S1
  - FORMAT_VERSION: dims=(STRING4), shape=(4,), dtype=|S1
  - HANDBOOK_VERSION: dims=(STRING4), shape=(4,), dtype=|S1
  - REFERENCE_DATE_TIME: dims=(DATE_TIME), shape=(14,), dtype=|S1
  - DATE_CREATION: dims=(DATE_TIME), shape=(14,), dtype=|S1
  - DATE_UPDATE: dims=(DATE_TIME), shape=(14,), dtype=|S1
  - PLATFORM_NUMBER: dims=(N_PROF,STRING8), shape=(678, 8), dtype=|S1
  - PROJECT_NAME: dims=(N_PROF,STRING64), shape=(678, 64), dtype=|S1
  - PI_NAME: dims=(N_PROF,STRING64), shape=(678, 64), dtype=|S1
  - STATION_PARAMETERS: dims=(N_PROF,N_PARAM,STRING16), shape=(678, 3, 16), dtype=|S1
  - CYCLE_NUMBER: dims=(N_PROF), shape=(678,), dtype=int32
  - DIRECTION: dims=(N_PROF), shape=(678,), dtype=|S1
  - DATA_CENTRE: dims=(N_PROF,STRING2), shape=(678, 2), dtype=|S1
  - DC_REFERENCE: dims=(N_PROF,STRING32), shape=(678, 32), dtype=|S1
  - DATA_STATE_INDICATOR: dims=(N_PROF,STRING4), shape=(678, 4), dtype=|S1
  - DATA_MODE: dims=(N_PROF), shape=(678,), dtype=|S1
  - PLATFORM_TYPE: dims=(N_PROF,STRING32), shape=(678, 32), dtype=|S1
  - FLOAT_SERIAL_NO: dims=(N_PROF,STRING32), shape=(678, 32), dtype=|S1
  - FIRMWARE_VERSION: dims=(N_PROF,STRING32), shape=(678, 32), dtype=|S1
  - WMO_INST_TYPE: dims=(N_PROF,STRING4), shape=(678, 4), dtype=|S1
  - JULD: dims=(N_PROF), shape=(678,), dtype=float64
  - JULD_QC: dims=(N_PROF), shape=(678,), dtype=|S1
  - JULD_LOCATION: dims=(N_PROF), shape=(678,), dtype=float64
  - LATITUDE: dims=(N_PROF), shape=(678,), dtype=float64
  - LONGITUDE: dims=(N_PROF), shape=(678,), dtype=float64
  - POSITION_QC: dims=(N_PROF), shape=(678,), dtype=|S1
  - POSITIONING_SYSTEM: dims=(N_PROF,STRING8), shape=(678, 8), dtype=|S1
  - PROFILE_PRES_QC: dims=(N_PROF), shape=(678,), dtype=|S1
  - PROFILE_TEMP_QC: dims=(N_PROF), shape=(678,), dtype=|S1
  - PROFILE_PSAL_QC: dims=(N_PROF), shape=(678,), dtype=|S1
  - VERTICAL_SAMPLING_SCHEME: dims=(N_PROF,STRING256), shape=(678, 256), dtype=|S1
  - CONFIG_MISSION_NUMBER: dims=(N_PROF), shape=(678,), dtype=int32
  - PRES: dims=(N_PROF,N_LEVELS), shape=(678, 1024), dtype=float32
  - PRES_QC: dims=(N_PROF,N_LEVELS), shape=(678, 1024), dtype=|S1
  - PRES_ADJUSTED: dims=(N_PROF,N_LEVELS), shape=(678, 1024), dtype=float32
  - PRES_ADJUSTED_QC: dims=(N_PROF,N_LEVELS), shape=(678, 1024), dtype=|S1
  - PRES_ADJUSTED_ERROR: dims=(N_PROF,N_LEVELS), shape=(678, 1024), dtype=float32
  - TEMP: dims=(N_PROF,N_LEVELS), shape=(678, 1024), dtype=float32
  - TEMP_QC: dims=(N_PROF,N_LEVELS), shape=(678, 1024), dtype=|S1
  - TEMP_ADJUSTED: dims=(N_PROF,N_LEVELS), shape=(678, 1024), dtype=float32
  - TEMP_ADJUSTED_QC: dims=(N_PROF,N_LEVELS), shape=(678, 1024), dtype=|S1
  - TEMP_ADJUSTED_ERROR: dims=(N_PROF,N_LEVELS), shape=(678, 1024), dtype=float32
  - PSAL: dims=(N_PROF,N_LEVELS), shape=(678, 1024), dtype=float32
  - PSAL_QC: dims=(N_PROF,N_LEVELS), shape=(678, 1024), dtype=|S1
  - PSAL_ADJUSTED: dims=(N_PROF,N_LEVELS), shape=(678, 1024), dtype=float32
  - PSAL_ADJUSTED_QC: dims=(N_PROF,N_LEVELS), shape=(678, 1024), dtype=|S1
  - PSAL_ADJUSTED_ERROR: dims=(N_PROF,N_LEVELS), shape=(678, 1024), dtype=float32
  - PARAMETER: dims=(N_PROF,N_CALIB,N_PARAM,STRING16), shape=(678, 1, 3, 16), dtype=|S1
  - SCIENTIFIC_CALIB_EQUATION: dims=(N_PROF,N_CALIB,N_PARAM,STRING256), shape=(678, 1, 3, 256), dtype=|S1
  - SCIENTIFIC_CALIB_COEFFICIENT: dims=(N_PROF,N_CALIB,N_PARAM,STRING256), shape=(678, 1, 3, 256), dtype=|S1
  - SCIENTIFIC_CALIB_COMMENT: dims=(N_PROF,N_CALIB,N_PARAM,STRING256), shape=(678, 1, 3, 256), dtype=|S1
  - SCIENTIFIC_CALIB_DATE: dims=(N_PROF,N_CALIB,N_PARAM,DATE_TIME), shape=(678, 1, 3, 14), dtype=|S1
  - HISTORY_INSTITUTION: dims=(N_HISTORY,N_PROF,STRING4), shape=(0, 678, 4), dtype=|S1
  - HISTORY_STEP: dims=(N_HISTORY,N_PROF,STRING4), shape=(0, 678, 4), dtype=|S1
  - HISTORY_SOFTWARE: dims=(N_HISTORY,N_PROF,STRING4), shape=(0, 678, 4), dtype=|S1
  - HISTORY_SOFTWARE_RELEASE: dims=(N_HISTORY,N_PROF,STRING4), shape=(0, 678, 4), dtype=|S1
  - HISTORY_REFERENCE: dims=(N_HISTORY,N_PROF,STRING64), shape=(0, 678, 64), dtype=|S1
  - HISTORY_DATE: dims=(N_HISTORY,N_PROF,DATE_TIME), shape=(0, 678, 14), dtype=|S1
  - HISTORY_ACTION: dims=(N_HISTORY,N_PROF,STRING4), shape=(0, 678, 4), dtype=|S1
  - HISTORY_PARAMETER: dims=(N_HISTORY,N_PROF,STRING16), shape=(0, 678, 16), dtype=|S1
  - HISTORY_START_PRES: dims=(N_HISTORY,N_PROF), shape=(0, 678), dtype=float32
  - HISTORY_STOP_PRES: dims=(N_HISTORY,N_PROF), shape=(0, 678), dtype=float32
  - HISTORY_PREVIOUS_VALUE: dims=(N_HISTORY,N_PROF), shape=(0, 678), dtype=float32
  - HISTORY_QCTEST: dims=(N_HISTORY,N_PROF,STRING16), shape=(0, 678, 16), dtype=|S1

Global attributes:
  - title = Argo float vertical profile
  - institution = FR GDAC
  - source = Argo float
  - history = 2025-06-25T01:03:35Z creation
  - references = http://www.argodatamgt.org/Documentation
  - user_manual_version = 3.1
  - Conventions = Argo-3.1 CF-1.6
  - featureType = trajectoryProfile

Key variables (shapes and first 5 samples):
  * TEMP: shape=(678, 1024)
    samples: [-1.0069999694824219, -1.0110000371932983, -1.0110000371932983, -1.0049999952316284, -1.0010000467300415]
  * PSAL: shape=(678, 1024)
    samples: [34.03099822998047, 34.03200149536133, 34.03200149536133, 34.03200149536133, 34.03200149536133]
  * PRES: shape=(678, 1024)
    samples: [2.700000047683716, 4.0, 6.0, 8.0, 10.0]
  * LATITUDE: shape=(678,)
    samples: [-66.966, -66.695, -66.496, -66.481, -66.309]
  * LONGITUDE: shape=(678,)
    samples: [175.565, 175.364, 174.856, 174.508, 174.485]
Looking for .nc files in: C:\Users\seque\Desktop\CODES\HACKATHON\SIH_2025\HackathonThingy\data\rawNETCDF
No NetCDF files found.
